<?xml version="1.0" encoding="UTF-8"?>
<!-- Generated by org.testng.reporters.JUnitReportReporter -->
<testsuite hostname="Shonuuu" failures="0" tests="2" name="com.amazon.mavenproject.LoginTest" time="7.235" errors="0" timestamp="2023-07-19T15:20:59 IST" skipped="0">
  <testcase classname="com.amazon.mavenproject.LoginTest" name="loginToAmazon" time="2.402"/>
  <testcase classname="com.amazon.mavenproject.LoginTest" name="loginToAmazon" time="4.833"/>
</testsuite> <!-- com.amazon.mavenproject.LoginTest -->
