<?xml version="1.0" encoding="UTF-8"?>
<!-- Generated by org.testng.reporters.JUnitReportReporter -->
<testsuite hostname="Shonuuu" failures="0" tests="1" name="com.amazon.mavenproject.LoginTest" time="1.504" errors="0" timestamp="2023-07-11T12:04:31 IST" skipped="0">
  <testcase classname="com.amazon.mavenproject.LoginTest" name="loginToAmazon" time="1.504"/>
</testsuite> <!-- com.amazon.mavenproject.LoginTest -->
