<?xml version="1.0" encoding="UTF-8"?>
<!-- Generated by org.testng.reporters.JUnitReportReporter -->
<testsuite hostname="Shonuuu" failures="0" tests="2" name="com.amazon.mavenproject.AppTest" time="26.865" errors="0" timestamp="2023-07-11T11:57:05 IST" skipped="0">
  <testcase classname="com.amazon.mavenproject.AppTest" name="searchFunction" time="9.270"/>
  <testcase classname="com.amazon.mavenproject.AppTest" name="changeCountryMethod" time="17.595"/>
</testsuite> <!-- com.amazon.mavenproject.AppTest -->
