<?xml version="1.0" encoding="UTF-8"?>
<!-- Generated by org.testng.reporters.JUnitReportReporter -->
<testsuite hostname="Shonuuu" failures="0" tests="1" name="com.amazon.mavenproject.LoginTest" time="2.953" errors="0" timestamp="2023-07-10T17:35:13 IST" skipped="0">
  <testcase classname="com.amazon.mavenproject.LoginTest" name="loginToAmazon" time="2.953"/>
</testsuite> <!-- com.amazon.mavenproject.LoginTest -->
