<?xml version="1.0" encoding="UTF-8"?>
<!-- Generated by org.testng.reporters.JUnitReportReporter -->
<testsuite hostname="Shonuuu" failures="0" tests="2" name="com.amazon.mavenproject.AppTest" time="27.836" errors="0" timestamp="2023-07-10T17:35:13 IST" skipped="0">
  <testcase classname="com.amazon.mavenproject.AppTest" name="searchFunction" time="8.001"/>
  <testcase classname="com.amazon.mavenproject.AppTest" name="changeCountryMethod" time="19.835"/>
</testsuite> <!-- com.amazon.mavenproject.AppTest -->
