<?xml version="1.0" encoding="UTF-8"?>
<!-- Generated by org.testng.reporters.JUnitReportReporter -->
<testsuite hostname="Shonuuu" failures="0" tests="2" name="com.amazon.mavenproject.AppTest" time="19.235" errors="0" timestamp="2023-06-16T12:03:59 IST" skipped="0">
  <testcase classname="com.amazon.mavenproject.AppTest" name="searchFunction" time="6.310"/>
  <testcase classname="com.amazon.mavenproject.AppTest" name="changeCountryMethod" time="12.925"/>
</testsuite> <!-- com.amazon.mavenproject.AppTest -->
