<?xml version="1.0" encoding="UTF-8"?>
<!-- Generated by org.testng.reporters.JUnitReportReporter -->
<testsuite hostname="Shonuuu" failures="0" tests="2" name="com.amazon.mavenproject.LoginTest" time="12.015" errors="0" timestamp="2023-07-26T11:46:17 IST" skipped="0">
  <testcase classname="com.amazon.mavenproject.LoginTest" name="loginToAmazon" time="6.831"/>
  <testcase classname="com.amazon.mavenproject.LoginTest" name="loginToAmazon" time="5.184"/>
</testsuite> <!-- com.amazon.mavenproject.LoginTest -->
