<?xml version="1.0" encoding="UTF-8"?>
<!-- Generated by org.testng.reporters.JUnitReportReporter -->
<testsuite hostname="Shonuuu" failures="0" tests="2" name="com.amazon.mavenproject.LoginTest" time="4.049" errors="0" timestamp="2023-07-18T18:04:51 IST" skipped="0">
  <testcase classname="com.amazon.mavenproject.LoginTest" name="loginToAmazon" time="1.626"/>
  <testcase classname="com.amazon.mavenproject.LoginTest" name="loginToAmazon" time="2.423"/>
</testsuite> <!-- com.amazon.mavenproject.LoginTest -->
